2020.05.24 02:24:48 INFO  started: Metals version 0.9.0 in workspace 'C:\Users\hp.DESKTOP-OU243N9\Desktop\FoodApp'
2020.05.24 02:24:50 INFO  time: initialize in 1.82s
2020.05.24 02:24:55 WARN  no build tool detected in workspace 'C:\Users\hp.DESKTOP-OU243N9\Desktop\FoodApp'. The most common cause for this problem is that the editor was opened in the wrong working directory, for example if you use sbt then the workspace directory should contain build.sbt. 
May 24, 2020 3:48:27 AM org.eclipse.lsp4j.jsonrpc.services.GenericEndpoint notify
INFO: Unsupported notification method: $/setTraceNotification
2020.05.26 01:04:42 INFO  started: Metals version 0.9.0 in workspace 'C:\Users\hp.DESKTOP-OU243N9\Desktop\FoodApp'
2020.05.26 01:04:44 INFO  time: initialize in 2.14s
2020.05.26 01:04:55 WARN  no build tool detected in workspace 'C:\Users\hp.DESKTOP-OU243N9\Desktop\FoodApp'. The most common cause for this problem is that the editor was opened in the wrong working directory, for example if you use sbt then the workspace directory should contain build.sbt. 
2020.05.27 00:13:57 INFO  started: Metals version 0.9.0 in workspace 'C:\Users\hp.DESKTOP-OU243N9\Desktop\FoodApp'
2020.05.27 00:14:00 INFO  time: initialize in 3.36s
2020.05.27 00:14:15 WARN  no build tool detected in workspace 'C:\Users\hp.DESKTOP-OU243N9\Desktop\FoodApp'. The most common cause for this problem is that the editor was opened in the wrong working directory, for example if you use sbt then the workspace directory should contain build.sbt. 
2020.05.27 03:12:08 INFO  started: Metals version 0.9.0 in workspace 'C:\Users\hp.DESKTOP-OU243N9\Desktop\FoodApp'
2020.05.27 03:12:16 INFO  time: initialize in 8.47s
2020.05.27 03:12:46 WARN  no build tool detected in workspace 'C:\Users\hp.DESKTOP-OU243N9\Desktop\FoodApp'. The most common cause for this problem is that the editor was opened in the wrong working directory, for example if you use sbt then the workspace directory should contain build.sbt. 
2020.05.28 01:02:49 INFO  started: Metals version 0.9.0 in workspace 'C:\Users\hp.DESKTOP-OU243N9\Desktop\FoodApp'
2020.05.28 01:02:50 INFO  time: initialize in 1.62s
2020.05.28 01:03:00 WARN  no build tool detected in workspace 'C:\Users\hp.DESKTOP-OU243N9\Desktop\FoodApp'. The most common cause for this problem is that the editor was opened in the wrong working directory, for example if you use sbt then the workspace directory should contain build.sbt. 
2020.05.29 22:38:23 INFO  started: Metals version 0.9.0 in workspace 'C:\Users\hp.DESKTOP-OU243N9\Desktop\FoodApp'
2020.05.29 22:38:25 INFO  time: initialize in 1.8s
2020.05.29 22:38:38 WARN  no build tool detected in workspace 'C:\Users\hp.DESKTOP-OU243N9\Desktop\FoodApp'. The most common cause for this problem is that the editor was opened in the wrong working directory, for example if you use sbt then the workspace directory should contain build.sbt. 
2020.05.31 01:04:54 INFO  started: Metals version 0.9.0 in workspace 'C:\Users\hp.DESKTOP-OU243N9\Desktop\FoodApp'
2020.05.31 01:04:57 INFO  time: initialize in 3.45s
2020.05.31 01:05:15 WARN  no build tool detected in workspace 'C:\Users\hp.DESKTOP-OU243N9\Desktop\FoodApp'. The most common cause for this problem is that the editor was opened in the wrong working directory, for example if you use sbt then the workspace directory should contain build.sbt. 
2020.06.09 16:28:39 INFO  started: Metals version 0.9.0 in workspace 'C:\Users\hp.DESKTOP-OU243N9\Desktop\FoodApp'
2020.06.09 16:28:41 INFO  time: initialize in 1.86s
2020.06.09 16:28:51 WARN  no build tool detected in workspace 'C:\Users\hp.DESKTOP-OU243N9\Desktop\FoodApp'. The most common cause for this problem is that the editor was opened in the wrong working directory, for example if you use sbt then the workspace directory should contain build.sbt. 
2020.06.10 01:38:45 INFO  started: Metals version 0.9.0 in workspace 'C:\Users\hp.DESKTOP-OU243N9\Desktop\FoodApp'
2020.06.10 01:38:46 INFO  time: initialize in 1.93s
2020.06.10 01:38:57 WARN  no build tool detected in workspace 'C:\Users\hp.DESKTOP-OU243N9\Desktop\FoodApp'. The most common cause for this problem is that the editor was opened in the wrong working directory, for example if you use sbt then the workspace directory should contain build.sbt. 
Jun 10, 2020 3:16:14 AM org.eclipse.lsp4j.jsonrpc.services.GenericEndpoint notify
INFO: Unsupported notification method: $/setTraceNotification
2020.06.12 16:15:24 INFO  started: Metals version 0.9.0 in workspace 'C:\Users\hp.DESKTOP-OU243N9\Desktop\FoodApp'
2020.06.12 16:15:29 INFO  time: initialize in 5.27s
2020.06.12 16:15:49 WARN  no build tool detected in workspace 'C:\Users\hp.DESKTOP-OU243N9\Desktop\FoodApp'. The most common cause for this problem is that the editor was opened in the wrong working directory, for example if you use sbt then the workspace directory should contain build.sbt. 
2020.06.23 18:01:29 INFO  started: Metals version 0.9.0 in workspace 'C:\Users\hp.DESKTOP-OU243N9\Desktop\FoodApp'
2020.06.23 18:01:31 INFO  time: initialize in 1.74s
2020.06.23 18:01:46 WARN  no build tool detected in workspace 'C:\Users\hp.DESKTOP-OU243N9\Desktop\FoodApp'. The most common cause for this problem is that the editor was opened in the wrong working directory, for example if you use sbt then the workspace directory should contain build.sbt. 
2020.06.27 17:56:20 INFO  started: Metals version 0.9.0 in workspace 'C:\Users\hp.DESKTOP-OU243N9\Desktop\FoodApp'
2020.06.27 17:56:25 INFO  time: initialize in 5.16s
2020.06.27 17:56:46 WARN  no build tool detected in workspace 'C:\Users\hp.DESKTOP-OU243N9\Desktop\FoodApp'. The most common cause for this problem is that the editor was opened in the wrong working directory, for example if you use sbt then the workspace directory should contain build.sbt. 
2020.06.27 20:14:46 INFO  started: Metals version 0.9.0 in workspace 'C:\Users\hp.DESKTOP-OU243N9\Desktop\FoodApp'
2020.06.27 20:14:47 INFO  time: initialize in 1.54s
2020.06.27 20:14:55 WARN  no build tool detected in workspace 'C:\Users\hp.DESKTOP-OU243N9\Desktop\FoodApp'. The most common cause for this problem is that the editor was opened in the wrong working directory, for example if you use sbt then the workspace directory should contain build.sbt. 
2020.06.30 10:58:52 INFO  started: Metals version 0.9.0 in workspace 'C:\Users\hp.DESKTOP-OU243N9\Desktop\FoodApp'
2020.06.30 10:59:00 INFO  time: initialize in 7.65s
2020.06.30 10:59:11 WARN  no build tool detected in workspace 'C:\Users\hp.DESKTOP-OU243N9\Desktop\FoodApp'. The most common cause for this problem is that the editor was opened in the wrong working directory, for example if you use sbt then the workspace directory should contain build.sbt. 
2020.07.02 02:03:02 INFO  started: Metals version 0.9.0 in workspace 'C:\Users\hp.DESKTOP-OU243N9\Desktop\FoodApp'
2020.07.02 02:03:03 INFO  time: initialize in 1.17s
2020.07.02 02:03:09 WARN  no build tool detected in workspace 'C:\Users\hp.DESKTOP-OU243N9\Desktop\FoodApp'. The most common cause for this problem is that the editor was opened in the wrong working directory, for example if you use sbt then the workspace directory should contain build.sbt. 
2020.07.04 01:26:39 INFO  started: Metals version 0.9.1 in workspace 'C:\Users\hp.DESKTOP-OU243N9\Desktop\FoodApp'
2020.07.04 01:26:41 INFO  time: initialize in 1.7s
2020.07.04 01:26:49 WARN  resetting database: C:\Users\hp.DESKTOP-OU243N9\Desktop\FoodApp\.metals\metals.h2.db
2020.07.04 01:26:52 WARN  no build tool detected in workspace 'C:\Users\hp.DESKTOP-OU243N9\Desktop\FoodApp'. The most common cause for this problem is that the editor was opened in the wrong working directory, for example if you use sbt then the workspace directory should contain build.sbt. 
2020.07.06 12:45:33 INFO  started: Metals version 0.9.1 in workspace 'C:\Users\hp.DESKTOP-OU243N9\Desktop\FoodApp'
2020.07.06 12:45:34 INFO  time: initialize in 1.68s
2020.07.06 12:45:42 WARN  no build tool detected in workspace 'C:\Users\hp.DESKTOP-OU243N9\Desktop\FoodApp'. The most common cause for this problem is that the editor was opened in the wrong working directory, for example if you use sbt then the workspace directory should contain build.sbt. 
2020.07.10 00:39:27 INFO  started: Metals version 0.9.1 in workspace 'C:\Users\hp.DESKTOP-OU243N9\Desktop\FoodApp'
2020.07.10 00:39:29 INFO  time: initialize in 2.33s
2020.07.10 00:39:40 WARN  no build tool detected in workspace 'C:\Users\hp.DESKTOP-OU243N9\Desktop\FoodApp'. The most common cause for this problem is that the editor was opened in the wrong working directory, for example if you use sbt then the workspace directory should contain build.sbt. 
Jul 10, 2020 1:03:04 AM org.eclipse.lsp4j.jsonrpc.services.GenericEndpoint notify
INFO: Unsupported notification method: $/setTraceNotification
2020.07.10 17:02:54 INFO  shutting down Metals
2020.07.17 19:10:09 INFO  started: Metals version 0.9.2 in workspace 'C:\Users\hp.DESKTOP-OU243N9\Desktop\FoodApp' for client vscode.
2020.07.17 19:10:10 INFO  time: initialize in 1.45s
2020.07.17 19:10:13 WARN  no build tool detected in workspace 'C:\Users\hp.DESKTOP-OU243N9\Desktop\FoodApp'. The most common cause for this problem is that the editor was opened in the wrong working directory, for example if you use sbt then the workspace directory should contain build.sbt. 
Jul 17, 2020 7:12:35 PM org.eclipse.lsp4j.jsonrpc.services.GenericEndpoint notify
INFO: Unsupported notification method: $/setTraceNotification
Jul 17, 2020 7:13:33 PM org.eclipse.lsp4j.jsonrpc.services.GenericEndpoint notify
INFO: Unsupported notification method: $/setTraceNotification
2020.07.17 21:06:05 INFO  started: Metals version 0.9.2 in workspace 'C:\Users\hp.DESKTOP-OU243N9\Desktop\FoodApp' for client vscode.
2020.07.17 21:06:06 INFO  time: initialize in 1.22s
2020.07.17 21:06:13 WARN  no build tool detected in workspace 'C:\Users\hp.DESKTOP-OU243N9\Desktop\FoodApp'. The most common cause for this problem is that the editor was opened in the wrong working directory, for example if you use sbt then the workspace directory should contain build.sbt. 
2020.07.20 22:28:42 INFO  started: Metals version 0.9.2 in workspace 'C:\Users\hp.DESKTOP-OU243N9\Desktop\FoodApp' for client vscode.
2020.07.20 22:28:43 INFO  time: initialize in 1.12s
2020.07.20 22:28:49 WARN  no build tool detected in workspace 'C:\Users\hp.DESKTOP-OU243N9\Desktop\FoodApp'. The most common cause for this problem is that the editor was opened in the wrong working directory, for example if you use sbt then the workspace directory should contain build.sbt. 
2020.07.20 22:36:22 INFO  shutting down Metals
2020.07.21 18:05:12 INFO  started: Metals version 0.9.2 in workspace 'C:\Users\hp.DESKTOP-OU243N9\Desktop\FoodApp' for client vscode.
2020.07.21 18:05:14 INFO  time: initialize in 2.34s
2020.07.21 18:05:23 WARN  no build tool detected in workspace 'C:\Users\hp.DESKTOP-OU243N9\Desktop\FoodApp'. The most common cause for this problem is that the editor was opened in the wrong working directory, for example if you use sbt then the workspace directory should contain build.sbt. 
Jul 21, 2020 6:30:18 PM org.eclipse.lsp4j.jsonrpc.services.GenericEndpoint notify
INFO: Unsupported notification method: $/setTraceNotification
Jul 21, 2020 6:31:03 PM org.eclipse.lsp4j.jsonrpc.services.GenericEndpoint notify
INFO: Unsupported notification method: $/setTraceNotification
Jul 21, 2020 6:54:06 PM org.eclipse.lsp4j.jsonrpc.services.GenericEndpoint notify
INFO: Unsupported notification method: $/setTraceNotification
Jul 21, 2020 7:01:47 PM org.eclipse.lsp4j.jsonrpc.services.GenericEndpoint notify
INFO: Unsupported notification method: $/setTraceNotification
2020.08.01 11:05:25 INFO  started: Metals version 0.9.2 in workspace 'C:\Users\hp.DESKTOP-OU243N9\Desktop\FoodApp' for client vscode.
2020.08.01 11:05:29 INFO  time: initialize in 4.35s
2020.08.01 11:05:45 WARN  no build tool detected in workspace 'C:\Users\hp.DESKTOP-OU243N9\Desktop\FoodApp'. The most common cause for this problem is that the editor was opened in the wrong working directory, for example if you use sbt then the workspace directory should contain build.sbt. 
Aug 01, 2020 12:29:33 PM org.eclipse.lsp4j.jsonrpc.services.GenericEndpoint notify
INFO: Unsupported notification method: $/setTraceNotification
